<?xml version="1.0" encoding="UTF-8"?>
<!-- Generated by org.testng.reporters.JUnitReportReporter -->
<testsuite hostname="MWDH-Work2" failures="0" tests="1" name="ass2W10D3.ChromWhebDriverAss2W10D3" time="0.475" errors="0" timestamp="2022-08-20T06:54:37 AST" skipped="0">
  <testcase classname="ass2W10D3.ChromWhebDriverAss2W10D3" name="frame" time="0.475"/>
  <system-out/>
</testsuite> <!-- ass2W10D3.ChromWhebDriverAss2W10D3 -->
